MyArsiteku/app/build/intermediates/manifest_merge_blame_file/debug/manifest-merger-blame-debug-report.txt
1<?xml version="1.0" encoding="utf-8"?>
2<manifest xmlns:android="http://schemas.android.com/apk/res/android"
3    package="com.example.myarsiteku"
4    android:versionCode="1"
5    android:versionName="1.0" >
6
7    <uses-sdk
8        android:minSdkVersion="21"
8-->src\main\AndroidManifest.xml
9        android:targetSdkVersion="30" />
9-->src\main\AndroidManifest.xml
10
11    <application
11-->src\main\AndroidManifest.xml:6:5-34:19
12        android:name="com.example.myarsiteku.ModeGelap"
12-->src\main\AndroidManifest.xml:7:9-34
13        android:allowBackup="true"
13-->src\main\AndroidManifest.xml:8:9-35
14        android:appComponentFactory="androidx.core.app.CoreComponentFactory"
14-->[androidx.core:core:1.3.1] AndroidManifest.xml:24:18-86
15        android:debuggable="true"
16        android:icon="@mipmap/ic_launcher"
16-->src\main\AndroidManifest.xml:9:9-43
17        android:label="@string/app_name"
17-->src\main\AndroidManifest.xml:10:9-41
18        android:roundIcon="@mipmap/ic_launcher_round"
18-->src\main\AndroidManifest.xml:11:9-54
19        android:supportsRtl="true"
19-->src\main\AndroidManifest.xml:12:9-35
20        android:theme="@style/AppTheme" >
20-->src\main\AndroidManifest.xml:13:9-40
21        <activity android:name="com.example.myarsiteku.Activity6" />
21-->src\main\AndroidManifest.xml:15:9-47
21-->src\main\AndroidManifest.xml:15:19-44
22        <activity android:name="com.example.myarsiteku.Activity5" />
22-->src\main\AndroidManifest.xml:16:9-47
22-->src\main\AndroidManifest.xml:16:19-44
23        <activity android:name="com.example.myarsiteku.Activity4" />
23-->src\main\AndroidManifest.xml:17:9-47
23-->src\main\AndroidManifest.xml:17:19-44
24        <activity android:name="com.example.myarsiteku.Activity3" />
24-->src\main\AndroidManifest.xml:18:9-47
24-->src\main\AndroidManifest.xml:18:19-44
25        <activity android:name="com.example.myarsiteku.Activity2" />
25-->src\main\AndroidManifest.xml:19:9-47
25-->src\main\AndroidManifest.xml:19:19-44
26        <activity android:name="com.example.myarsiteku.Activity1" />
26-->src\main\AndroidManifest.xml:20:9-47
26-->src\main\AndroidManifest.xml:20:19-44
27        <activity android:name="com.example.myarsiteku.SecondActivity" />
27-->src\main\AndroidManifest.xml:21:9-52
27-->src\main\AndroidManifest.xml:21:19-49
28        <activity android:name="com.example.myarsiteku.SplashScreen" >
28-->src\main\AndroidManifest.xml:22:9-28:20
28-->src\main\AndroidManifest.xml:22:19-47
29            <intent-filter>
29-->src\main\AndroidManifest.xml:23:13-27:29
30                <action android:name="android.intent.action.MAIN" />
30-->src\main\AndroidManifest.xml:24:17-69
30-->src\main\AndroidManifest.xml:24:25-66
31
32                <category android:name="android.intent.category.LAUNCHER" />
32-->src\main\AndroidManifest.xml:26:17-77
32-->src\main\AndroidManifest.xml:26:27-74
33            </intent-filter>
34        </activity>
35        <activity android:name="com.example.myarsiteku.MainActivity" />
35-->src\main\AndroidManifest.xml:29:9-50
35-->src\main\AndroidManifest.xml:29:19-47
36
37        <meta-data
37-->src\main\AndroidManifest.xml:31:9-33:57
38            android:name="preloaded_fonts"
38-->src\main\AndroidManifest.xml:32:13-43
39            android:resource="@array/preloaded_fonts" />
39-->src\main\AndroidManifest.xml:33:13-54
40    </application>
41
42</manifest>